<?xml version="1.0" encoding="UTF-8"?>
<!-- Generated by org.testng.reporters.JUnitXMLReporter -->
<testsuite ignored="0" hostname="ATDEV271L1" failures="0" tests="3" name="entire" time="0.238" errors="0" timestamp="2024-08-04T16:04:04 IST">
  <testcase classname="FrameWork.testcomponents.BaseTest" name="@BeforeMethod applaunch" time="0.004">
    <failure type="java.lang.NullPointerException" message="Cannot invoke &amp;quot;org.openqa.selenium.WebDriver.manage()&amp;quot; because &amp;quot;FrameWork.testcomponents.BaseTest.driver&amp;quot; is null">
      <![CDATA[java.lang.NullPointerException: Cannot invoke "org.openqa.selenium.WebDriver.manage()" because "FrameWork.testcomponents.BaseTest.driver" is null
at FrameWork.testcomponents.BaseTest.browsers(BaseTest.java:62)
at FrameWork.testcomponents.BaseTest.applaunch(BaseTest.java:71)
at java.base/java.util.ArrayList.forEach(ArrayList.java:1511)
... Removed 29 stack frames]]>
    </failure>
  </testcase> <!-- @BeforeMethod applaunch -->
  <testcase classname="FrameWork.testcomponents.BaseTest" name="@AfterMethod close" time="0.001">
    <failure type="java.lang.NullPointerException" message="Cannot invoke &amp;quot;org.openqa.selenium.WebDriver.close()&amp;quot; because &amp;quot;FrameWork.testcomponents.BaseTest.driver&amp;quot; is null">
      <![CDATA[java.lang.NullPointerException: Cannot invoke "org.openqa.selenium.WebDriver.close()" because "FrameWork.testcomponents.BaseTest.driver" is null
at FrameWork.testcomponents.BaseTest.close(BaseTest.java:83)
at java.base/java.util.ArrayList.forEach(ArrayList.java:1511)
... Removed 30 stack frames]]>
    </failure>
  </testcase> <!-- @AfterMethod close -->
  <testcase classname="FrameWork.testcomponents.BaseTest" name="@BeforeMethod applaunch" time="0.002">
    <failure type="java.lang.NullPointerException" message="Cannot invoke &amp;quot;org.openqa.selenium.WebDriver.manage()&amp;quot; because &amp;quot;FrameWork.testcomponents.BaseTest.driver&amp;quot; is null">
      <![CDATA[java.lang.NullPointerException: Cannot invoke "org.openqa.selenium.WebDriver.manage()" because "FrameWork.testcomponents.BaseTest.driver" is null
at FrameWork.testcomponents.BaseTest.browsers(BaseTest.java:62)
at FrameWork.testcomponents.BaseTest.applaunch(BaseTest.java:71)
at java.base/java.util.ArrayList.forEach(ArrayList.java:1511)
... Removed 29 stack frames]]>
    </failure>
  </testcase> <!-- @BeforeMethod applaunch -->
  <testcase classname="FrameWork.testcomponents.BaseTest" name="@AfterMethod close" time="0.0">
    <failure type="java.lang.NullPointerException" message="Cannot invoke &amp;quot;org.openqa.selenium.WebDriver.close()&amp;quot; because &amp;quot;FrameWork.testcomponents.BaseTest.driver&amp;quot; is null">
      <![CDATA[java.lang.NullPointerException: Cannot invoke "org.openqa.selenium.WebDriver.close()" because "FrameWork.testcomponents.BaseTest.driver" is null
at FrameWork.testcomponents.BaseTest.close(BaseTest.java:83)
at java.base/java.util.ArrayList.forEach(ArrayList.java:1511)
... Removed 30 stack frames]]>
    </failure>
  </testcase> <!-- @AfterMethod close -->
  <testcase classname="FrameWork.test_cases.T1" name="purchase" time="0.0">
    <skipped/>
  </testcase> <!-- purchase -->
  <testcase classname="FrameWork.test_cases.T1" name="purchase" time="0.0">
    <skipped/>
  </testcase> <!-- purchase -->
  <testcase classname="FrameWork.test_cases.T1" name="orderverify" time="0.0">
    <skipped/>
  </testcase> <!-- orderverify -->
</testsuite> <!-- entire -->
