<?xml version="1.0" encoding="UTF-8"?>
<!-- Generated by org.testng.reporters.JUnitXMLReporter -->
<testsuite ignored="1" hostname="ATDEV271L1" failures="0" tests="0" time="0.034" errors="0" timestamp="2024-07-31T13:29:21 IST">
  <testcase classname="FrameWork.testcomponents.BaseTest" name="@AfterTest close" time="0.011">
    <failure type="java.lang.NullPointerException" message="Cannot invoke &amp;quot;org.openqa.selenium.WebDriver.close()&amp;quot; because &amp;quot;FrameWork.testcomponents.BaseTest.driver&amp;quot; is null">
      <![CDATA[java.lang.NullPointerException: Cannot invoke "org.openqa.selenium.WebDriver.close()" because "FrameWork.testcomponents.BaseTest.driver" is null
at FrameWork.testcomponents.BaseTest.close(BaseTest.java:72)
at java.base/java.util.concurrent.FutureTask.run(FutureTask.java:264)
at java.base/java.util.concurrent.ThreadPoolExecutor.runWorker(ThreadPoolExecutor.java:1136)
at java.base/java.util.concurrent.ThreadPoolExecutor$Worker.run(ThreadPoolExecutor.java:635)
at java.base/java.lang.Thread.run(Thread.java:833)
... Removed 13 stack frames]]>
    </failure>
  </testcase> <!-- @AfterTest close -->
  <testcase classname="FrameWork.testcomponents.BaseTest" name="@AfterTest close" time="0.011">
    <failure type="java.lang.NullPointerException" message="Cannot invoke &amp;quot;org.openqa.selenium.WebDriver.close()&amp;quot; because &amp;quot;FrameWork.testcomponents.BaseTest.driver&amp;quot; is null">
      <![CDATA[java.lang.NullPointerException: Cannot invoke "org.openqa.selenium.WebDriver.close()" because "FrameWork.testcomponents.BaseTest.driver" is null
at FrameWork.testcomponents.BaseTest.close(BaseTest.java:72)
at java.base/java.util.concurrent.FutureTask.run(FutureTask.java:264)
at java.base/java.util.concurrent.ThreadPoolExecutor.runWorker(ThreadPoolExecutor.java:1136)
at java.base/java.util.concurrent.ThreadPoolExecutor$Worker.run(ThreadPoolExecutor.java:635)
at java.base/java.lang.Thread.run(Thread.java:833)
... Removed 13 stack frames]]>
    </failure>
  </testcase> <!-- @AfterTest close -->
  <testcase classname="FrameWork.test_cases.Ordercheck" name="order" time="0.0">
    <ignored/>
  </testcase> <!-- order -->
</testsuite>
